<?xml version="1.0" encoding="utf-8"?><testsuites name="pytest tests"><testsuite name="pytest" errors="0" failures="0" skipped="0" tests="19" time="7.515" timestamp="2026-07-20T05:13:22.888104+00:00" hostname="agent-env-d43fe900-d3df-4b5a-b5c9-cc4fc9e49fc5"><testcase classname="tests.backend_test" name="test_health" time="0.223" /><testcase classname="tests.backend_test" name="test_signup_and_duplicate" time="0.282" /><testcase classname="tests.backend_test" name="test_login_success_and_wrong_password" time="0.467" /><testcase classname="tests.backend_test" name="test_auth_me" time="0.199" /><testcase classname="tests.backend_test" name="test_create_run_sample_data" time="0.097" /><testcase classname="tests.backend_test" name="test_list_runs" time="0.093" /><testcase classname="tests.backend_test" name="test_get_run_kpis" time="0.103" /><testcase classname="tests.backend_test" name="test_list_discrepancies_sorted" time="0.108" /><testcase classname="tests.backend_test" name="test_discrepancy_filters" time="0.388" /><testcase classname="tests.backend_test" name="test_explain_and_cache" time="3.638" /><testcase classname="tests.backend_test" name="test_upload_non_csv_extension" time="0.111" /><testcase classname="tests.backend_test" name="test_upload_missing_headers" time="0.110" /><testcase classname="tests.backend_test" name="test_upload_too_large" time="0.329" /><testcase classname="tests.backend_test" name="test_data_isolation" time="0.354" /><testcase classname="tests.backend_test" name="test_user_real_csv_upload_no_header_error" time="0.279" /><testcase classname="tests.backend_test" name="test_user_real_csv_status_normalization_matched" time="0.110" /><testcase classname="tests.backend_test" name="test_user_real_csv_refund_mismatch" time="0.000" /><testcase classname="tests.backend_test" name="test_regression_sample_data_still_works" time="0.000" /><testcase classname="tests.backend_test" name="test_upload_totally_missing_canonical_headers" time="0.092" /></testsuite></testsuites>