<?xml version="1.0" encoding="utf-8"?><testsuites name="pytest tests"><testsuite name="pytest" errors="0" failures="0" skipped="0" tests="14" time="6.472" timestamp="2026-07-20T05:03:27.521479+00:00" hostname="agent-env-d43fe900-d3df-4b5a-b5c9-cc4fc9e49fc5"><testcase classname="tests.backend_test" name="test_health" time="0.176" /><testcase classname="tests.backend_test" name="test_signup_and_duplicate" time="0.314" /><testcase classname="tests.backend_test" name="test_login_success_and_wrong_password" time="0.496" /><testcase classname="tests.backend_test" name="test_auth_me" time="0.285" /><testcase classname="tests.backend_test" name="test_create_run_sample_data" time="0.101" /><testcase classname="tests.backend_test" name="test_list_runs" time="0.094" /><testcase classname="tests.backend_test" name="test_get_run_kpis" time="0.108" /><testcase classname="tests.backend_test" name="test_list_discrepancies_sorted" time="0.108" /><testcase classname="tests.backend_test" name="test_discrepancy_filters" time="0.441" /><testcase classname="tests.backend_test" name="test_explain_and_cache" time="2.974" /><testcase classname="tests.backend_test" name="test_upload_non_csv_extension" time="0.107" /><testcase classname="tests.backend_test" name="test_upload_missing_headers" time="0.098" /><testcase classname="tests.backend_test" name="test_upload_too_large" time="0.329" /><testcase classname="tests.backend_test" name="test_data_isolation" time="0.345" /></testsuite></testsuites>